Assembler report for vga_demo
Wed Jan  7 20:44:11 2026
Quartus Prime Version 23.1std.0 Build 991 11/28/2023 SC Lite Edition


---------------------
; Table of Contents ;
---------------------
  1. Legal Notice
  2. Assembler Summary
  3. Assembler Settings
  4. Assembler Generated Files
  5. Assembler Device Options: //VSRV2/C.Homes$/sarav100/Downloads/lebron/vga_demo.sof
  6. Assembler Messages



----------------
; Legal Notice ;
----------------
Copyright (C) 2023  Intel Corporation. All rights reserved.
Your use of Intel Corporation's design tools, logic functions 
and other software and tools, and any partner logic 
functions, and any output files from any of the foregoing 
(including device programming or simulation files), and any 
associated documentation or information are expressly subject 
to the terms and conditions of the Intel Program License 
Subscription Agreement, the Intel Quartus Prime License Agreement,
the Intel FPGA IP License Agreement, or other applicable license
agreement, including, without limitation, that your use is for
the sole purpose of programming logic devices manufactured by
Intel and sold by Intel or its authorized distributors.  Please
refer to the applicable agreement for further details, at
https://fpgasoftware.intel.com/eula.



+---------------------------------------------------------------+
; Assembler Summary                                             ;
+-----------------------+---------------------------------------+
; Assembler Status      ; Successful - Wed Jan  7 20:44:11 2026 ;
; Revision Name         ; vga_demo                              ;
; Top-level Entity Name ; vga_demo                              ;
; Family                ; Cyclone V                             ;
; Device                ; 5CSEMA5F31C6                          ;
+-----------------------+---------------------------------------+


+----------------------------------+
; Assembler Settings               ;
+--------+---------+---------------+
; Option ; Setting ; Default Value ;
+--------+---------+---------------+


+---------------------------------------------------------+
; Assembler Generated Files                               ;
+---------------------------------------------------------+
; File Name                                               ;
+---------------------------------------------------------+
; //VSRV2/C.Homes$/sarav100/Downloads/lebron/vga_demo.sof ;
+---------------------------------------------------------+


+-----------------------------------------------------------------------------------+
; Assembler Device Options: //VSRV2/C.Homes$/sarav100/Downloads/lebron/vga_demo.sof ;
+----------------+------------------------------------------------------------------+
; Option         ; Setting                                                          ;
+----------------+------------------------------------------------------------------+
; JTAG usercode  ; 0x07F765FA                                                       ;
; Checksum       ; 0x07F765FA                                                       ;
+----------------+------------------------------------------------------------------+


+--------------------+
; Assembler Messages ;
+--------------------+
Info: *******************************************************************
Info: Running Quartus Prime Assembler
    Info: Version 23.1std.0 Build 991 11/28/2023 SC Lite Edition
    Info: Processing started: Wed Jan  7 20:44:01 2026
Info: Command: quartus_asm --read_settings_files=off --write_settings_files=off vga_demo -c vga_demo
Warning (125092): Tcl Script File object_mem.qip not found
    Info (125063): set_global_assignment -name QIP_FILE object_mem.qip
Warning (18236): Number of processors has not been specified which may cause overloading on shared machines.  Set the global assignment NUM_PARALLEL_PROCESSORS in your QSF to an appropriate value for best performance.
Info (115030): Assembler is generating device programming files
Info: Quartus Prime Assembler was successful. 0 errors, 2 warnings
    Info: Peak virtual memory: 4929 megabytes
    Info: Processing ended: Wed Jan  7 20:44:12 2026
    Info: Elapsed time: 00:00:11
    Info: Total CPU time (on all processors): 00:00:09


